Start testing: Sep 20 06:46 GTB Daylight Time
----------------------------------------------------------
1/1 Testing: ProgTests
1/1 Test: ProgTests
Command: "C:/Users/Lenovo/Documents/Complex numbers/build/test/ProgTests.exe"
Directory: C:/Users/Lenovo/Documents/Complex numbers/build/test
"ProgTests" start time: Sep 20 06:46 GTB Daylight Time
Output:
----------------------------------------------------------
[==========] Running 10 tests from 1 test suite.
[----------] Global test environment set-up.
[----------] 10 tests from ComplexNumberTests
[ RUN      ] ComplexNumberTests.DefaultConstructor
[       OK ] ComplexNumberTests.DefaultConstructor (0 ms)
[ RUN      ] ComplexNumberTests.ParameterizedConstructor
[       OK ] ComplexNumberTests.ParameterizedConstructor (0 ms)
[ RUN      ] ComplexNumberTests.StringConstructorImaginary
[       OK ] ComplexNumberTests.StringConstructorImaginary (0 ms)
[ RUN      ] ComplexNumberTests.StringConstructorRealAndImaginary
[       OK ] ComplexNumberTests.StringConstructorRealAndImaginary (0 ms)
[ RUN      ] ComplexNumberTests.Addition
[       OK ] ComplexNumberTests.Addition (0 ms)
[ RUN      ] ComplexNumberTests.Subtraction
[       OK ] ComplexNumberTests.Subtraction (0 ms)
[ RUN      ] ComplexNumberTests.Multiplication
[       OK ] ComplexNumberTests.Multiplication (0 ms)
[ RUN      ] ComplexNumberTests.Division
[       OK ] ComplexNumberTests.Division (0 ms)
[ RUN      ] ComplexNumberTests.AssignmentOperatorString
[       OK ] ComplexNumberTests.AssignmentOperatorString (0 ms)
[ RUN      ] ComplexNumberTests.AssignmentOperatorPair
[       OK ] ComplexNumberTests.AssignmentOperatorPair (0 ms)
[----------] 10 tests from ComplexNumberTests (0 ms total)

[----------] Global test environment tear-down
[==========] 10 tests from 1 test suite ran. (0 ms total)
[  PASSED  ] 10 tests.
<end of output>
Test time =   0.05 sec
----------------------------------------------------------
Test Passed.
"ProgTests" end time: Sep 20 06:46 GTB Daylight Time
"ProgTests" time elapsed: 00:00:00
----------------------------------------------------------

End testing: Sep 20 06:46 GTB Daylight Time
