Start testing: Sep 20 06:34 GTB Daylight Time
----------------------------------------------------------
Unable to find executable: C:/Users/Lenovo/Documents/Complex numbers/build/test/ProgTests.exe
1/1 Testing: ProgTests
1/1 Test: ProgTests
Command: ""
Directory: C:/Users/Lenovo/Documents/Complex numbers/build/test
"ProgTests" start time: 
Output:
----------------------------------------------------------
<end of output>
Test time =   0.00 sec
----------------------------------------------------------
Test Passed.
"ProgTests" end time: Sep 20 06:34 GTB Daylight Time
"ProgTests" time elapsed: 00:00:00
----------------------------------------------------------

End testing: Sep 20 06:34 GTB Daylight Time
